{
  "RSpec": {
    "coverage": {
      "/home/vagrant/projects/twitterails/app/models/user.rb": [
        1,
        1,
        null,
        1,
        null
      ],
      "/home/vagrant/projects/twitterails/app/controllers/sessions_controller.rb": [
        1,
        1,
        null,
        null,
        1,
        3,
        3,
        1,
        1,
        null,
        2,
        null,
        null,
        null,
        1,
        null,
        1,
        5,
        null,
        null
      ],
      "/home/vagrant/projects/twitterails/app/controllers/application_controller.rb": [
        1,
        1,
        null,
        1,
        1,
        null,
        1,
        null,
        1,
        1,
        null,
        null
      ],
      "/home/vagrant/projects/twitterails/app/controllers/dashboard_controller.rb": [
        1,
        1,
        null,
        1,
        null,
        null
      ]
    },
    "timestamp": 1422197416
  }
}
